<?xml version="1.0" encoding="UTF-8"?>
<!-- Generated by org.testng.reporters.JUnitReportReporter -->
<testsuite hostname="SeemaSG-PC" name="TestAnnotations" tests="2" failures="0" timestamp="4 May 2016 09:09:32 GMT" time="0.002" errors="0">
  <testcase name="testCase2" time="0.001" classname="TestAnnotations"/>
  <testcase name="testCase1" time="0.001" classname="TestAnnotations"/>
</testsuite> <!-- TestAnnotations -->
