<?xml version="1.0" encoding="UTF-8"?>
<!-- Generated by org.testng.reporters.JUnitReportReporter -->
<testsuite hostname="SeemaSG-PC" name="Test2" tests="1" failures="0" timestamp="22 Feb 2016 08:59:18 GMT" time="0.002" errors="0">
  <testcase name="testCase1" time="0.002" classname="Test2"/>
</testsuite> <!-- Test2 -->
