<?xml version="1.0" encoding="UTF-8"?>
<!-- Generated by org.testng.reporters.JUnitReportReporter -->
<testsuite hostname="SeemaSG-PC" name="package1.Test2" tests="1" failures="0" timestamp="22 Feb 2016 08:54:56 GMT" time="0.007" errors="0">
  <testcase name="testCase1" time="0.007" classname="package1.Test2"/>
</testsuite> <!-- package1.Test2 -->
