<?xml version="1.0" encoding="UTF-8"?>
<!-- Generated by org.testng.reporters.JUnitReportReporter -->
<testsuite hostname="SeemaSG-PC" name="package2.TestAnnotations" tests="2" failures="0" timestamp="22 Feb 2016 08:54:56 GMT" time="0.002" errors="0">
  <testcase name="testCase2" time="0.001" classname="package2.TestAnnotations"/>
  <testcase name="testCase1" time="0.001" classname="package2.TestAnnotations"/>
</testsuite> <!-- package2.TestAnnotations -->
